<?xml version="1.0" encoding="UTF-8"?>
<!-- Generated by org.testng.reporters.JUnitReportReporter -->
<testsuite skipped="0" hostname="WLPT547" name="testng.OhrmsFileUploadwithAutoIT" tests="1" failures="0" timestamp="10 Jul 2019 06:11:37 GMT" time="11.146" errors="1">
  <testcase name="browser" time="11.146" classname="testng.OhrmsFileUploadwithAutoIT">
    <error type="org.openqa.selenium.WebDriverException" message="unknown error: Chrome failed to start: crashed
  (unknown error: DevToolsActivePort file doesn&#039;t exist)
  (The process started from chrome location C:\Users\narendra.k\AppData\Local\Google\Chrome\Application\chrome.exe is no longer running, so ChromeDriver is assuming that Chrome has crashed.)
Build info: version: &#039;3.141.59&#039;, revision: &#039;e82be7d358&#039;, time: &#039;2018-11-14T08:17:03&#039;
System info: host: &#039;WLPT547&#039;, ip: &#039;10.0.26.150&#039;, os.name: &#039;Windows 8.1&#039;, os.arch: &#039;amd64&#039;, os.version: &#039;6.3&#039;, java.version: &#039;1.8.0_211&#039;
Driver info: driver.version: ChromeDriver
remote stacktrace: Backtrace:
	Ordinal0 [0x011D1B23+1448739]
	Ordinal0 [0x01155A11+940561]
	Ordinal0 [0x010E2293+467603]
	Ordinal0 [0x0107C1F1+49649]
	Ordinal0 [0x01098D19+167193]
	Ordinal0 [0x010988ED+166125]
	Ordinal0 [0x01096FFB+159739]
	Ordinal0 [0x010809F6+68086]
	Ordinal0 [0x01081990+72080]
	Ordinal0 [0x01081929+71977]
	GetHandleVerifier [0x01312E4C+1172140]
	GetHandleVerifier [0x0126FE35+504469]
	GetHandleVerifier [0x0126FBD0+503856]
	Ordinal0 [0x011DC9A8+1493416]
	GetHandleVerifier [0x0127060A+506474]
	Ordinal0 [0x01167136+1012022]
	Ordinal0 [0x01166FAF+1011631]
	Ordinal0 [0x0117133B+1053499]
	Ordinal0 [0x011714A3+1053859]
	Ordinal0 [0x011704D5+1049813]
	BaseThreadInitThunk [0x76356A14+36]
	RtlInitializeExceptionChain [0x7734AD8F+143]
	RtlInitializeExceptionChain [0x7734AD5A+90]
">
      <![CDATA[org.openqa.selenium.WebDriverException: unknown error: Chrome failed to start: crashed
  (unknown error: DevToolsActivePort file doesn't exist)
  (The process started from chrome location C:\Users\narendra.k\AppData\Local\Google\Chrome\Application\chrome.exe is no longer running, so ChromeDriver is assuming that Chrome has crashed.)
Build info: version: '3.141.59', revision: 'e82be7d358', time: '2018-11-14T08:17:03'
System info: host: 'WLPT547', ip: '10.0.26.150', os.name: 'Windows 8.1', os.arch: 'amd64', os.version: '6.3', java.version: '1.8.0_211'
Driver info: driver.version: ChromeDriver
remote stacktrace: Backtrace:
Ordinal0 [0x011D1B23+1448739]
Ordinal0 [0x01155A11+940561]
Ordinal0 [0x010E2293+467603]
Ordinal0 [0x0107C1F1+49649]
Ordinal0 [0x01098D19+167193]
Ordinal0 [0x010988ED+166125]
Ordinal0 [0x01096FFB+159739]
Ordinal0 [0x010809F6+68086]
Ordinal0 [0x01081990+72080]
Ordinal0 [0x01081929+71977]
GetHandleVerifier [0x01312E4C+1172140]
GetHandleVerifier [0x0126FE35+504469]
GetHandleVerifier [0x0126FBD0+503856]
Ordinal0 [0x011DC9A8+1493416]
GetHandleVerifier [0x0127060A+506474]
Ordinal0 [0x01167136+1012022]
Ordinal0 [0x01166FAF+1011631]
Ordinal0 [0x0117133B+1053499]
Ordinal0 [0x011714A3+1053859]
Ordinal0 [0x011704D5+1049813]
BaseThreadInitThunk [0x76356A14+36]
RtlInitializeExceptionChain [0x7734AD8F+143]
RtlInitializeExceptionChain [0x7734AD5A+90]

at sun.reflect.NativeConstructorAccessorImpl.newInstance0(Native Method)
at sun.reflect.NativeConstructorAccessorImpl.newInstance(Unknown Source)
at sun.reflect.DelegatingConstructorAccessorImpl.newInstance(Unknown Source)
at java.lang.reflect.Constructor.newInstance(Unknown Source)
at org.openqa.selenium.remote.W3CHandshakeResponse.lambda$errorHandler$0(W3CHandshakeResponse.java:62)
at org.openqa.selenium.remote.HandshakeResponse.lambda$getResponseFunction$0(HandshakeResponse.java:30)
at org.openqa.selenium.remote.ProtocolHandshake.lambda$createSession$0(ProtocolHandshake.java:126)
at java.util.stream.ReferencePipeline$3$1.accept(Unknown Source)
at java.util.Spliterators$ArraySpliterator.tryAdvance(Unknown Source)
at java.util.stream.ReferencePipeline.forEachWithCancel(Unknown Source)
at java.util.stream.AbstractPipeline.copyIntoWithCancel(Unknown Source)
at java.util.stream.AbstractPipeline.copyInto(Unknown Source)
at java.util.stream.AbstractPipeline.wrapAndCopyInto(Unknown Source)
at java.util.stream.FindOps$FindOp.evaluateSequential(Unknown Source)
at java.util.stream.AbstractPipeline.evaluate(Unknown Source)
at java.util.stream.ReferencePipeline.findFirst(Unknown Source)
at org.openqa.selenium.remote.ProtocolHandshake.createSession(ProtocolHandshake.java:128)
at org.openqa.selenium.remote.ProtocolHandshake.createSession(ProtocolHandshake.java:74)
at org.openqa.selenium.remote.HttpCommandExecutor.execute(HttpCommandExecutor.java:136)
at org.openqa.selenium.remote.service.DriverCommandExecutor.execute(DriverCommandExecutor.java:83)
at org.openqa.selenium.remote.RemoteWebDriver.execute(RemoteWebDriver.java:552)
at org.openqa.selenium.remote.RemoteWebDriver.startSession(RemoteWebDriver.java:213)
at org.openqa.selenium.remote.RemoteWebDriver.<init>(RemoteWebDriver.java:131)
at org.openqa.selenium.chrome.ChromeDriver.<init>(ChromeDriver.java:181)
at org.openqa.selenium.chrome.ChromeDriver.<init>(ChromeDriver.java:168)
at org.openqa.selenium.chrome.ChromeDriver.<init>(ChromeDriver.java:123)
at testng.OhrmsFileUploadwithAutoIT.browser(OhrmsFileUploadwithAutoIT.java:73)
at sun.reflect.NativeMethodAccessorImpl.invoke0(Native Method)
at sun.reflect.NativeMethodAccessorImpl.invoke(Unknown Source)
at sun.reflect.DelegatingMethodAccessorImpl.invoke(Unknown Source)
at java.lang.reflect.Method.invoke(Unknown Source)
at org.testng.internal.MethodInvocationHelper.invokeMethod(MethodInvocationHelper.java:124)
at org.testng.internal.MethodInvocationHelper.invokeMethodConsideringTimeout(MethodInvocationHelper.java:59)
at org.testng.internal.Invoker.invokeConfigurationMethod(Invoker.java:458)
at org.testng.internal.Invoker.invokeConfigurations(Invoker.java:222)
at org.testng.internal.Invoker.invokeConfigurations(Invoker.java:142)
at org.testng.TestRunner.beforeRun(TestRunner.java:529)
at org.testng.TestRunner.run(TestRunner.java:497)
at org.testng.SuiteRunner.runTest(SuiteRunner.java:455)
at org.testng.SuiteRunner.runSequentially(SuiteRunner.java:450)
at org.testng.SuiteRunner.privateRun(SuiteRunner.java:415)
at org.testng.SuiteRunner.run(SuiteRunner.java:364)
at org.testng.SuiteRunnerWorker.runSuite(SuiteRunnerWorker.java:52)
at org.testng.SuiteRunnerWorker.run(SuiteRunnerWorker.java:84)
at org.testng.TestNG.runSuitesSequentially(TestNG.java:1208)
at org.testng.TestNG.runSuitesLocally(TestNG.java:1137)
at org.testng.TestNG.runSuites(TestNG.java:1049)
at org.testng.TestNG.run(TestNG.java:1017)
at org.testng.remote.AbstractRemoteTestNG.run(AbstractRemoteTestNG.java:115)
at org.testng.remote.RemoteTestNG.initAndRun(RemoteTestNG.java:251)
at org.testng.remote.RemoteTestNG.main(RemoteTestNG.java:77)
]]>
    </error>
  </testcase> <!-- browser -->
</testsuite> <!-- testng.OhrmsFileUploadwithAutoIT -->
